<?xml version="1.0" encoding="UTF-8"?>
<testng-results skipped="0" failed="0" total="1" passed="1">
  <reporter-output>
  </reporter-output>
  <suite name="Default suite" duration-ms="50" started-at="2016-12-27T14:52:21Z" finished-at="2016-12-27T14:52:21Z">
    <groups>
    </groups>
    <test name="Default test" duration-ms="50" started-at="2016-12-27T14:52:21Z" finished-at="2016-12-27T14:52:21Z">
      <class name="org.devOps.Dev.SampleDev">
        <test-method status="PASS" signature="test()" name="test" duration-ms="26" started-at="2016-12-27T14:52:21Z" finished-at="2016-12-27T14:52:21Z">
        </test-method>
      </class>
    </test>
  </suite>
</testng-results>
